<?xml version="1.0" encoding="UTF-8"?>
<!-- Generated by org.testng.reporters.JUnitReportReporter -->
<testsuite hostname="LAPTOP-PM0B0DAB" failures="0" tests="3" name="TestRun.TestRunner" time="41.216" errors="0" timestamp="2022-12-19T11:26:43 PKT" skipped="0">
  <testcase classname="TestRun.TestRunner" name="runScenario" time="14.077"/>
  <system-out/>
  <testcase classname="TestRun.TestRunner" name="runScenario" time="14.946"/>
  <system-out/>
  <testcase classname="TestRun.TestRunner" name="runScenario" time="12.193"/>
  <system-out/>
</testsuite> <!-- TestRun.TestRunner -->
