<?xml version="1.0" encoding="UTF-8"?>
<!-- Generated by org.testng.reporters.JUnitReportReporter -->
<testsuite hostname="LAPTOP-PM0B0DAB" failures="0" tests="3" name="TestRun.TestRunner" time="43.382" errors="0" timestamp="2022-12-19T02:45:33 PKT" skipped="0">
  <testcase classname="TestRun.TestRunner" name="runScenario" time="16.262"/>
  <system-out/>
  <testcase classname="TestRun.TestRunner" name="runScenario" time="12.062"/>
  <system-out/>
  <testcase classname="TestRun.TestRunner" name="runScenario" time="15.058"/>
  <system-out/>
</testsuite> <!-- TestRun.TestRunner -->
